<?xml version="1.0" encoding="utf-8"?><testsuites name="pytest tests"><testsuite name="pytest" errors="0" failures="0" skipped="0" tests="4" time="2.938" timestamp="2026-04-18T23:02:39.529817+00:00" hostname="agent-env-c6dcab03-6557-4851-96e5-ab72539ecdb8"><testcase classname="backend.tests.test_iteration_5" name="test_dados_returns_game_data_with_dice" time="0.441" /><testcase classname="backend.tests.test_iteration_5" name="test_dados_multiple_rolls_cover_range" time="2.325" /><testcase classname="backend.tests.test_iteration_5" name="test_ruleta_still_works" time="0.049" /><testcase classname="backend.tests.test_iteration_5" name="test_rps_still_works" time="0.047" /></testsuite></testsuites>