<?xml version="1.0" encoding="utf-8"?><testsuites name="pytest tests"><testsuite name="pytest" errors="0" failures="1" skipped="0" tests="6" time="1.179" timestamp="2026-04-18T22:49:59.062200+00:00" hostname="agent-env-c6dcab03-6557-4851-96e5-ab72539ecdb8"><testcase classname="backend.tests.test_iteration_4" name="test_login_owner" time="0.496" /><testcase classname="backend.tests.test_iteration_4" name="test_list_rooms" time="0.055" /><testcase classname="backend.tests.test_iteration_4" name="test_games_play_dados" time="0.055"><failure message="AssertionError: missing dice in response: {'won': True, 'prize': 5000, 'multiplier': 5, 'new_balance': 5424471486012, 'game_data': {}}&#10;assert ('dice1' in {'game_data': {}, 'multiplier': 5, 'new_balance': 5424471486012, 'prize': 5000, ...})">backend/tests/test_iteration_4.py:55: in test_games_play_dados
    assert "dice1" in data and "dice2" in data, f"missing dice in response: {data}"
E   AssertionError: missing dice in response: {'won': True, 'prize': 5000, 'multiplier': 5, 'new_balance': 5424471486012, 'game_data': {}}
E   assert ('dice1' in {'game_data': {}, 'multiplier': 5, 'new_balance': 5424471486012, 'prize': 5000, ...})</failure></testcase><testcase classname="backend.tests.test_iteration_4" name="test_games_ruleta" time="0.051" /><testcase classname="backend.tests.test_iteration_4" name="test_games_rps" time="0.050" /><testcase classname="backend.tests.test_iteration_4" name="test_insufficient_funds_returns_400" time="0.374" /></testsuite></testsuites>