<?xml version="1.0" encoding="utf-8"?><testsuites name="pytest tests"><testsuite name="pytest" errors="0" failures="1" skipped="0" tests="9" time="1.450" timestamp="2026-04-18T23:32:02.094285+00:00" hostname="agent-env-c6dcab03-6557-4851-96e5-ab72539ecdb8"><testcase classname="backend.tests.test_iteration_6.TestPayPal" name="test_paypal_config" time="0.209" /><testcase classname="backend.tests.test_iteration_6.TestPayPal" name="test_paypal_status" time="0.263" /><testcase classname="backend.tests.test_iteration_6.TestAgora" name="test_agora_token" time="0.058" /><testcase classname="backend.tests.test_iteration_6.TestLevels" name="test_me_shape" time="0.056" /><testcase classname="backend.tests.test_iteration_6.TestLevels" name="test_leaderboard_sorted" time="0.050" /><testcase classname="backend.tests.test_iteration_6.TestLevels" name="test_heartbeat_throttling" time="0.126" /><testcase classname="backend.tests.test_iteration_6.TestXPIntegration" name="test_game_play_adds_xp" time="0.217" /><testcase classname="backend.tests.test_iteration_6.TestXPIntegration" name="test_gift_send_adds_xp" time="0.101"><failure message="AssertionError: {&quot;detail&quot;:[{&quot;type&quot;:&quot;string_type&quot;,&quot;loc&quot;:[&quot;body&quot;,&quot;room_id&quot;],&quot;msg&quot;:&quot;Input should be a valid string&quot;,&quot;input&quot;:null,&quot;url&quot;:&quot;https://errors.pydantic.dev/2.12/v/string_type&quot;}]}&#10;assert 422 == 200&#10; +  where 422 = &lt;Response [422]&gt;.status_code">backend/tests/test_iteration_6.py:120: in test_gift_send_adds_xp
    assert r.status_code == 200, r.text
E   AssertionError: {"detail":[{"type":"string_type","loc":["body","room_id"],"msg":"Input should be a valid string","input":null,"url":"https://errors.pydantic.dev/2.12/v/string_type"}]}
E   assert 422 == 200
E    +  where 422 = &lt;Response [422]&gt;.status_code</failure></testcase><testcase classname="backend.tests.test_iteration_6.TestAuthSmoke" name="test_login" time="0.278" /></testsuite></testsuites>