<?xml version="1.0" encoding="utf-8"?><testsuites name="pytest tests"><testsuite name="pytest" errors="0" failures="1" skipped="0" tests="1" time="0.607" timestamp="2026-04-18T23:01:59.516703+00:00" hostname="agent-env-c6dcab03-6557-4851-96e5-ab72539ecdb8"><testcase classname="backend.tests.test_iteration_4" name="test_games_play_dados" time="0.525"><failure message="AssertionError: missing dice in response: {'won': False, 'prize': 0, 'new_balance': 5424471493012, 'game_data': {'dice1': 6, 'dice2': 1, 'total': 7}}&#10;assert ('dice1' in {'game_data': {'dice1': 6, 'dice2': 1, 'total': 7}, 'new_balance': 5424471493012, 'prize': 0, 'won': False})">backend/tests/test_iteration_4.py:55: in test_games_play_dados
    assert "dice1" in data and "dice2" in data, f"missing dice in response: {data}"
E   AssertionError: missing dice in response: {'won': False, 'prize': 0, 'new_balance': 5424471493012, 'game_data': {'dice1': 6, 'dice2': 1, 'total': 7}}
E   assert ('dice1' in {'game_data': {'dice1': 6, 'dice2': 1, 'total': 7}, 'new_balance': 5424471493012, 'prize': 0, 'won': False})</failure></testcase></testsuite></testsuites>