<?xml version="1.0" encoding="utf-8"?><testsuites name="pytest tests"><testsuite name="pytest" errors="0" failures="0" skipped="0" tests="15" time="1.531" timestamp="2026-04-20T02:14:00.031808+00:00" hostname="agent-env-c6dcab03-6557-4851-96e5-ab72539ecdb8"><testcase classname="tests.test_iteration_12" name="test_firebase_status_web_key_configured" time="0.180" /><testcase classname="tests.test_iteration_12" name="test_authority_super_in_foreign_room" time="0.059" /><testcase classname="tests.test_iteration_12" name="test_authority_none_for_random_user" time="0.057" /><testcase classname="tests.test_iteration_12" name="test_authority_room_not_found" time="0.056" /><testcase classname="tests.test_iteration_12" name="test_give_diamonds_owner_ok" time="0.160" /><testcase classname="tests.test_iteration_12" name="test_give_diamonds_non_owner_denied" time="0.051" /><testcase classname="tests.test_iteration_12" name="test_lock_seat_super_override" time="0.115" /><testcase classname="tests.test_iteration_12" name="test_lock_seat_non_owner_denied" time="0.050" /><testcase classname="tests.test_iteration_12" name="test_unlock_all_then_lock_all_super" time="0.180" /><testcase classname="tests.test_iteration_12" name="test_ban_then_join_rejected_then_unban" time="0.260" /><testcase classname="tests.test_iteration_12" name="test_kick_from_seat_nonexistent_target" time="0.063" /><testcase classname="tests.test_iteration_12" name="test_kick_from_seat_not_seated_returns_ok" time="0.051" /><testcase classname="tests.test_iteration_12" name="test_kick_without_authority_denied" time="0.050" /><testcase classname="tests.test_iteration_12" name="test_regression_search_by_id_930788" time="0.050" /><testcase classname="tests.test_iteration_12" name="test_regression_rooms_list" time="0.057" /></testsuite></testsuites>