<?xml version="1.0" encoding="utf-8"?><testsuites name="pytest tests"><testsuite name="pytest" errors="0" failures="0" skipped="0" tests="12" time="8.001" timestamp="2026-04-20T01:12:46.119250+00:00" hostname="agent-env-c6dcab03-6557-4851-96e5-ab72539ecdb8"><testcase classname="backend.tests.test_iteration_10.TestAuth" name="test_login_melvin" time="0.484" /><testcase classname="backend.tests.test_iteration_10.TestAuth" name="test_login_bad_password" time="0.335" /><testcase classname="backend.tests.test_iteration_10.TestWebRTCConfig" name="test_config_returns_ice_servers" time="0.112" /><testcase classname="backend.tests.test_iteration_10.TestWebRTCConfig" name="test_empty_room_peers" time="0.142" /><testcase classname="backend.tests.test_iteration_10" name="test_ws_two_peers_relay_and_lifecycle" time="4.340" /><testcase classname="backend.tests.test_iteration_10.TestDiagnostics" name="test_diagnostics_requires_owner_403_for_non_owner" time="0.929" /><testcase classname="backend.tests.test_iteration_10.TestDiagnostics" name="test_diagnostics_404_for_missing_user" time="0.121" /><testcase classname="backend.tests.test_iteration_10.TestDiagnostics" name="test_diagnostics_ok_for_owner" time="0.401" /><testcase classname="backend.tests.test_iteration_10.TestDiagnostics" name="test_diagnostics_paypal_test_order_live_201" time="0.611" /><testcase classname="backend.tests.test_iteration_10.TestDiagnostics" name="test_diagnostics_paypal_test_order_requires_owner" time="0.177" /><testcase classname="backend.tests.test_iteration_10.TestRegressions" name="test_rooms_list" time="0.126" /><testcase classname="backend.tests.test_iteration_10.TestRegressions" name="test_gifts_catalog" time="0.132" /></testsuite></testsuites>