<?xml version="1.0" encoding="utf-8"?><testsuites name="pytest tests"><testsuite name="pytest" errors="0" failures="0" skipped="0" tests="12" time="2.249" timestamp="2026-04-20T01:53:55.390826+00:00" hostname="agent-env-c6dcab03-6557-4851-96e5-ab72539ecdb8"><testcase classname="tests.test_iteration_11" name="test_search_by_id_found" time="0.232" /><testcase classname="tests.test_iteration_11" name="test_search_by_id_not_found" time="0.078" /><testcase classname="tests.test_iteration_11" name="test_search_by_id_strip_whitespace" time="0.066" /><testcase classname="tests.test_iteration_11" name="test_users_search_legacy" time="0.142" /><testcase classname="tests.test_iteration_11" name="test_follow_self_rejected" time="0.074" /><testcase classname="tests.test_iteration_11" name="test_follow_unknown_user" time="0.070" /><testcase classname="tests.test_iteration_11" name="test_follow_unfollow_flow" time="0.536" /><testcase classname="tests.test_iteration_11" name="test_friends_active_empty_or_list" time="0.122" /><testcase classname="tests.test_iteration_11" name="test_firebase_status" time="0.057" /><testcase classname="tests.test_iteration_11" name="test_mark_join_regression" time="0.135" /><testcase classname="tests.test_iteration_11" name="test_diagnostics_owner" time="0.294" /><testcase classname="tests.test_iteration_11" name="test_ws_audio_signaling_regression" time="0.358" /></testsuite></testsuites>