<?xml version="1.0" encoding="utf-8"?><testsuites name="pytest tests"><testsuite name="pytest" errors="0" failures="0" skipped="0" tests="20" time="5.184" timestamp="2026-04-20T03:31:13.687986+00:00" hostname="agent-env-c6dcab03-6557-4851-96e5-ab72539ecdb8"><testcase classname="tests.test_iteration_14.TestErrorsEndpoint" name="test_errors_requires_owner_403_for_non_owner" time="0.245" /><testcase classname="tests.test_iteration_14.TestErrorsEndpoint" name="test_errors_requires_owner_403_for_unknown" time="0.058" /><testcase classname="tests.test_iteration_14.TestErrorsEndpoint" name="test_errors_owner_returns_list" time="0.072" /><testcase classname="tests.test_iteration_14.TestGlobalExceptionHandlers" name="test_validation_error_is_logged" time="1.382" /><testcase classname="tests.test_iteration_14.TestGlobalExceptionHandlers" name="test_403_is_not_logged" time="0.889" /><testcase classname="tests.test_iteration_14.TestErrorsStats" name="test_stats_requires_owner" time="0.054" /><testcase classname="tests.test_iteration_14.TestErrorsStats" name="test_stats_shape" time="0.053" /><testcase classname="tests.test_iteration_14.TestResolveError" name="test_resolve_requires_owner" time="0.053" /><testcase classname="tests.test_iteration_14.TestResolveError" name="test_resolve_flow" time="1.271" /><testcase classname="tests.test_iteration_14.TestIntegrity" name="test_requires_owner" time="0.051" /><testcase classname="tests.test_iteration_14.TestIntegrity" name="test_integrity_shape" time="0.071" /><testcase classname="tests.test_iteration_14.TestCodeMap" name="test_requires_owner" time="0.051" /><testcase classname="tests.test_iteration_14.TestCodeMap" name="test_code_map_content" time="0.057" /><testcase classname="tests.test_iteration_14.TestRegressionIter13" name="test_bot_super_init" time="0.051" /><testcase classname="tests.test_iteration_14.TestRegressionIter13" name="test_bot_super_actions" time="0.050" /><testcase classname="tests.test_iteration_14.TestRegressionIter13" name="test_bot_super_actions_forbidden" time="0.067" /><testcase classname="tests.test_iteration_14.TestRegressionIter10to12" name="test_diagnostics_owner" time="0.250" /><testcase classname="tests.test_iteration_14.TestRegressionIter10to12" name="test_firebase_status" time="0.052" /><testcase classname="tests.test_iteration_14.TestRegressionIter10to12" name="test_webrtc_config" time="0.051" /><testcase classname="tests.test_iteration_14.TestRegressionIter10to12" name="test_login_melvin" time="0.283" /></testsuite></testsuites>