<?xml version="1.0" encoding="utf-8"?><testsuites name="pytest tests"><testsuite name="pytest" errors="0" failures="0" skipped="0" tests="9" time="1.234" timestamp="2026-04-18T22:26:37.692791+00:00" hostname="agent-env-c6dcab03-6557-4851-96e5-ab72539ecdb8"><testcase classname="backend.tests.test_refactor_regression" name="test_rooms_list_returns_200" time="0.213" /><testcase classname="backend.tests.test_refactor_regression" name="test_rankings_daily_games_returns_200" time="0.169" /><testcase classname="backend.tests.test_refactor_regression" name="test_login_melvin" time="0.387" /><testcase classname="backend.tests.test_refactor_regression" name="test_ai_moderate_image_placeholder_returns_fail_open" time="0.380" /><testcase classname="backend.tests.test_refactor_regression" name="test_ai_moderate_image_empty_key" time="0.000" /><testcase classname="backend.tests.test_refactor_regression" name="test_ai_moderate_image_other_placeholders" time="0.000" /><testcase classname="backend.tests.test_refactor_regression" name="test_seatsgrid_component_exists" time="0.000" /><testcase classname="backend.tests.test_refactor_regression" name="test_chatarea_component_exists" time="0.000" /><testcase classname="backend.tests.test_refactor_regression" name="test_roomview_imports_extracted_components" time="0.001" /></testsuite></testsuites>