<?xml version="1.0" encoding="utf-8"?><testsuites name="pytest tests"><testsuite name="pytest" errors="0" failures="0" skipped="0" tests="9" time="1.302" timestamp="2026-04-18T17:59:06.478096+00:00" hostname="agent-env-c6dcab03-6557-4851-96e5-ab72539ecdb8"><testcase classname="backend.tests.test_tools_and_bg.TestAuth" name="test_login_melvin" time="0.514" /><testcase classname="backend.tests.test_tools_and_bg.TestBackgroundAIModeration" name="test_safe_png_accepted" time="0.280" /><testcase classname="backend.tests.test_tools_and_bg.TestBackgroundAIModeration" name="test_unsafe_filename_still_rejected" time="0.084" /><testcase classname="backend.tests.test_tools_and_bg.TestBackgroundAIModeration" name="test_non_owner_forbidden" time="0.053" /><testcase classname="backend.tests.test_tools_and_bg.TestBackgroundAIModeration" name="test_ai_moderate_function_exists_and_is_called" time="0.000" /><testcase classname="backend.tests.test_tools_and_bg.TestToolsBackendActions" name="test_dados_game" time="0.063" /><testcase classname="backend.tests.test_tools_and_bg.TestToolsBackendActions" name="test_ruleta_game" time="0.058" /><testcase classname="backend.tests.test_tools_and_bg.TestToolsBackendActions" name="test_piedra_papel_tijera" time="0.066" /><testcase classname="backend.tests.test_tools_and_bg.TestToolsBackendActions" name="test_ghost_mode_toggle" time="0.108" /></testsuite></testsuites>