<?xml version="1.0" encoding="utf-8"?><testsuites name="pytest tests"><testsuite name="pytest" errors="0" failures="0" skipped="0" tests="12" time="1.881" timestamp="2026-04-18T23:54:52.786318+00:00" hostname="agent-env-c6dcab03-6557-4851-96e5-ab72539ecdb8"><testcase classname="backend.tests.test_iteration_7.TestMelvinLiveRestore" name="test_login_melvin" time="0.455" /><testcase classname="backend.tests.test_iteration_7.TestAdminSecurity" name="test_duplicate_devices" time="0.054" /><testcase classname="backend.tests.test_iteration_7.TestAdminSecurity" name="test_banned_devices_list" time="0.060" /><testcase classname="backend.tests.test_iteration_7.TestAdminSecurity" name="test_banned_ips_list" time="0.049" /><testcase classname="backend.tests.test_iteration_7.TestAdminSecurity" name="test_ban_unban_device_full_cycle" time="0.290" /><testcase classname="backend.tests.test_iteration_7.TestAdminSecurity" name="test_ban_unban_ip_full_cycle" time="0.233" /><testcase classname="backend.tests.test_iteration_7.TestNonAdminForbidden" name="test_duplicate_devices_forbidden" time="0.372" /><testcase classname="backend.tests.test_iteration_7.TestNonAdminForbidden" name="test_banned_devices_forbidden" time="0.068" /><testcase classname="backend.tests.test_iteration_7.TestNonAdminForbidden" name="test_banned_ips_forbidden" time="0.058" /><testcase classname="backend.tests.test_iteration_7.TestNonAdminForbidden" name="test_ban_device_forbidden" time="0.050" /><testcase classname="backend.tests.test_iteration_7.TestNonAdminForbidden" name="test_ban_ip_forbidden" time="0.049" /><testcase classname="backend.tests.test_iteration_7.TestNonAdminForbidden" name="test_device_accounts_forbidden" time="0.055" /></testsuite></testsuites>