<?xml version="1.0" encoding="utf-8"?><testsuites name="pytest tests"><testsuite name="pytest" errors="0" failures="0" skipped="0" tests="12" time="1.015" timestamp="2026-04-19T00:17:13.642710+00:00" hostname="agent-env-c6dcab03-6557-4851-96e5-ab72539ecdb8"><testcase classname="backend.tests.test_iteration_8" name="test_gifts_leaderboard_status_and_shape[daily]" time="0.192" /><testcase classname="backend.tests.test_iteration_8" name="test_gifts_leaderboard_status_and_shape[weekly]" time="0.056" /><testcase classname="backend.tests.test_iteration_8" name="test_gifts_leaderboard_status_and_shape[monthly]" time="0.054" /><testcase classname="backend.tests.test_iteration_8" name="test_weekly_starts_on_monday_utc" time="0.063" /><testcase classname="backend.tests.test_iteration_8" name="test_monthly_starts_on_day_one" time="0.054" /><testcase classname="backend.tests.test_iteration_8" name="test_daily_starts_today_midnight" time="0.060" /><testcase classname="backend.tests.test_iteration_8" name="test_invalid_window_returns_400" time="0.051" /><testcase classname="backend.tests.test_iteration_8" name="test_limit_is_clamped" time="0.055" /><testcase classname="backend.tests.test_iteration_8" name="test_crown_endpoint_shape_and_melvin" time="0.058" /><testcase classname="backend.tests.test_iteration_8" name="test_room_ranking_invalid_window" time="0.056" /><testcase classname="backend.tests.test_iteration_8" name="test_room_ranking_filters_by_room" time="0.093" /><testcase classname="backend.tests.test_iteration_8" name="test_room_ranking_with_real_room_if_any" time="0.126" /></testsuite></testsuites>