<?xml version="1.0" encoding="utf-8"?><testsuites name="pytest tests"><testsuite name="pytest" errors="0" failures="0" skipped="0" tests="18" time="5.266" timestamp="2026-04-20T04:01:48.328091+00:00" hostname="agent-env-c6dcab03-6557-4851-96e5-ab72539ecdb8"><testcase classname="tests.test_iteration_15.TestRoomsListing" name="test_rooms_returns_list" time="0.190" /><testcase classname="tests.test_iteration_15.TestRoomsListing" name="test_rooms_include_empty" time="0.055" /><testcase classname="tests.test_iteration_15.TestRoomsListing" name="test_rooms_sorted_by_svip_then_active" time="0.051" /><testcase classname="tests.test_iteration_15.TestNotificationsCategories" name="test_notifications_owner_200" time="0.051" /><testcase classname="tests.test_iteration_15.TestNotificationsCategories" name="test_unread_count_owner_200" time="0.050" /><testcase classname="tests.test_iteration_15.TestNotificationsCategories" name="test_system_alert_category_flows_to_list" time="0.053" /><testcase classname="tests.test_iteration_15.TestInjectionAlert" name="test_injection_creates_system_alert_and_dedupe" time="2.394" /><testcase classname="tests.test_iteration_15.TestBotSuperOwnerEndpoints" name="test_integrity_owner" time="0.053" /><testcase classname="tests.test_iteration_15.TestBotSuperOwnerEndpoints" name="test_errors_list_owner" time="0.051" /><testcase classname="tests.test_iteration_15.TestBotSuperOwnerEndpoints" name="test_errors_stats_owner" time="0.090" /><testcase classname="tests.test_iteration_15.TestBotSuperOwnerEndpoints" name="test_resolve_error" time="1.355" /><testcase classname="tests.test_iteration_15.TestRegression10to14" name="test_login_melvin" time="0.269" /><testcase classname="tests.test_iteration_15.TestRegression10to14" name="test_webrtc_config" time="0.047" /><testcase classname="tests.test_iteration_15.TestRegression10to14" name="test_firebase_status" time="0.049" /><testcase classname="tests.test_iteration_15.TestRegression10to14" name="test_diagnostics" time="0.291" /><testcase classname="tests.test_iteration_15.TestRegression10to14" name="test_bot_super_init" time="0.051" /><testcase classname="tests.test_iteration_15.TestRegression10to14" name="test_bot_super_actions" time="0.047" /><testcase classname="tests.test_iteration_15.TestRegression10to14" name="test_social_follow_status_endpoint" time="0.050" /></testsuite></testsuites>