<?xml version="1.0" encoding="utf-8"?><testsuites name="pytest tests"><testsuite name="pytest" errors="0" failures="1" skipped="0" tests="9" time="2.478" timestamp="2026-04-16T16:07:16.183905+00:00" hostname="agent-env-c6dcab03-6557-4851-96e5-ab72539ecdb8"><testcase classname="backend.tests.test_bug_fixes.TestLogin" name="test_login_success" time="0.234"><failure message="AssertionError: Response should contain user id&#10;assert 'id' in {'success': True, 'user': {'aristocracy': 4, 'avatar': '/api/uploads/avatar_8a53b7fb-098b-49e0-ad1c-9df1ba7a48e7.jpeg', 'badges_earned': ['spend_100k', 'spend_1m', 'spend_10m', 'level_10', 'level_25', 'level_50', ...], 'clan': None, ...}}">backend/tests/test_bug_fixes.py:34: in test_login_success
    assert "id" in data, "Response should contain user id"
E   AssertionError: Response should contain user id
E   assert 'id' in {'success': True, 'user': {'aristocracy': 4, 'avatar': '/api/uploads/avatar_8a53b7fb-098b-49e0-ad1c-9df1ba7a48e7.jpeg', 'badges_earned': ['spend_100k', 'spend_1m', 'spend_10m', 'level_10', 'level_25', 'level_50', ...], 'clan': None, ...}}</failure></testcase><testcase classname="backend.tests.test_bug_fixes.TestMarkJoinUpsert" name="test_mark_join_updates_timestamp" time="1.007" /><testcase classname="backend.tests.test_bug_fixes.TestChatFiltering" name="test_chat_filtering_by_join_time" time="1.016" /><testcase classname="backend.tests.test_bug_fixes.TestGiftsSending" name="test_send_gift" time="0.008" /><testcase classname="backend.tests.test_bug_fixes.TestLionTigerMath" name="test_lion_tiger_bet_and_win" time="0.008" /><testcase classname="backend.tests.test_bug_fixes.TestRoomEndpoints" name="test_get_room" time="0.002" /><testcase classname="backend.tests.test_bug_fixes.TestRoomEndpoints" name="test_get_chat_without_user_filter" time="0.003" /><testcase classname="backend.tests.test_bug_fixes.TestUserEndpoints" name="test_get_user" time="0.002" /><testcase classname="backend.tests.test_bug_fixes.TestUserEndpoints" name="test_get_receiver_user" time="0.002" /></testsuite></testsuites>