<?xml version="1.0" encoding="utf-8"?><testsuites name="pytest tests"><testsuite name="pytest" errors="0" failures="0" skipped="0" tests="14" time="3.702" timestamp="2026-04-16T02:18:15.840848+00:00" hostname="agent-env-c6dcab03-6557-4851-96e5-ab72539ecdb8"><testcase classname="tests.test_iteration15_critical_fixes.TestAuthentication" name="test_login_melvin" time="0.385" /><testcase classname="tests.test_iteration15_critical_fixes.TestAuthentication" name="test_get_user_profile" time="0.139" /><testcase classname="tests.test_iteration15_critical_fixes.TestEntryAnimation" name="test_entry_animation_dueno_returns_storm" time="0.142" /><testcase classname="tests.test_iteration15_critical_fixes.TestWelcomeMessage" name="test_welcome_message_dueno_format" time="0.136" /><testcase classname="tests.test_iteration15_critical_fixes.TestWelcomeMessage" name="test_welcome_message_in_chat" time="0.772" /><testcase classname="tests.test_iteration15_critical_fixes.TestGiftSending" name="test_send_regular_gift_deducts_coins" time="0.285" /><testcase classname="tests.test_iteration15_critical_fixes.TestGiftSending" name="test_send_dragon_gift_no_error" time="0.285" /><testcase classname="tests.test_iteration15_critical_fixes.TestGiftSending" name="test_gift_creates_notification_for_big_gift" time="0.000" /><testcase classname="tests.test_iteration15_critical_fixes.TestLionTigerGame" name="test_lion_tiger_bet_deducts_coins" time="0.274" /><testcase classname="tests.test_iteration15_critical_fixes.TestLionTigerGame" name="test_lion_tiger_win_adds_coins" time="0.283" /><testcase classname="tests.test_iteration15_critical_fixes.TestLionTigerGame" name="test_lion_tiger_net_gain_calculation" time="0.387" /><testcase classname="tests.test_iteration15_critical_fixes.TestRoomLeaveCleanup" name="test_owner_leave_clears_music_url" time="0.263" /><testcase classname="tests.test_iteration15_critical_fixes.TestGiftsEndpoint" name="test_get_gifts_includes_big_gifts" time="0.121" /><testcase classname="tests.test_iteration15_critical_fixes.TestInsufficientCoins" name="test_gift_insufficient_coins_error" time="0.161" /></testsuite></testsuites>