<?xml version="1.0" encoding="utf-8"?><testsuites name="pytest tests"><testsuite name="pytest" errors="0" failures="0" skipped="0" tests="19" time="1.594" timestamp="2026-04-14T12:04:17.361100+00:00" hostname="agent-env-c6dcab03-6557-4851-96e5-ab72539ecdb8"><testcase classname="backend.tests.test_iteration13_games.TestNewGames" name="test_ludo_game_returns_correct_data" time="0.492" /><testcase classname="backend.tests.test_iteration13_games.TestNewGames" name="test_yacaro_game_returns_correct_data" time="0.049" /><testcase classname="backend.tests.test_iteration13_games.TestNewGames" name="test_carreras_game_returns_correct_data" time="0.048" /><testcase classname="backend.tests.test_iteration13_games.TestNewGames" name="test_pool_game_returns_correct_data" time="0.055" /><testcase classname="backend.tests.test_iteration13_games.TestNewGames" name="test_domino_game_returns_correct_data" time="0.048" /><testcase classname="backend.tests.test_iteration13_games.TestNewGames" name="test_monster_game_returns_correct_data" time="0.048" /><testcase classname="backend.tests.test_iteration13_games.TestGamesDeductCoins" name="test_game_deducts_coins_on_loss" time="0.094" /><testcase classname="backend.tests.test_iteration13_games.TestGamesDeductCoins" name="test_insufficient_coins_rejected" time="0.050" /><testcase classname="backend.tests.test_iteration13_games.TestPKBattle" name="test_pk_battle_create" time="0.109" /><testcase classname="backend.tests.test_iteration13_games.TestPKBattle" name="test_pk_battle_get_active" time="0.047" /><testcase classname="backend.tests.test_iteration13_games.TestPKBattle" name="test_pk_battle_gift_endpoint_exists" time="0.046" /><testcase classname="backend.tests.test_iteration13_games.TestPKBattle" name="test_pk_battle_end_endpoint_exists" time="0.045" /><testcase classname="backend.tests.test_iteration13_games.TestClassicGames" name="test_classic_game_works[slots]" time="0.046" /><testcase classname="backend.tests.test_iteration13_games.TestClassicGames" name="test_classic_game_works[ruleta]" time="0.055" /><testcase classname="backend.tests.test_iteration13_games.TestClassicGames" name="test_classic_game_works[dados]" time="0.049" /><testcase classname="backend.tests.test_iteration13_games.TestClassicGames" name="test_classic_game_works[rps]" time="0.063" /><testcase classname="backend.tests.test_iteration13_games.TestClassicGames" name="test_classic_game_works[trivia]" time="0.047" /><testcase classname="backend.tests.test_iteration13_games.TestClassicGames" name="test_classic_game_works[carta]" time="0.056" /><testcase classname="backend.tests.test_iteration13_games.TestInvalidGame" name="test_invalid_game_rejected" time="0.045" /></testsuite></testsuites>