<?xml version="1.0" encoding="utf-8"?><testsuites name="pytest tests"><testsuite name="pytest" errors="0" failures="0" skipped="0" tests="21" time="3.806" timestamp="2026-04-14T11:12:21.868669+00:00" hostname="agent-env-c6dcab03-6557-4851-96e5-ab72539ecdb8"><testcase classname="backend.tests.test_iteration11.TestGhostMode" name="test_ghost_mode_toggle_on" time="0.319" /><testcase classname="backend.tests.test_iteration11.TestGhostMode" name="test_ghost_mode_user_hidden_from_rankings" time="0.283" /><testcase classname="backend.tests.test_iteration11.TestGhostMode" name="test_ghost_mode_user_hidden_from_search" time="0.267" /><testcase classname="backend.tests.test_iteration11.TestGhostMode" name="test_ghost_mode_toggle_off" time="0.210" /><testcase classname="backend.tests.test_iteration11.TestGhostMode" name="test_ghost_mode_user_visible_when_off" time="0.252" /><testcase classname="backend.tests.test_iteration11.TestGhostMode" name="test_ghost_mode_search_works_when_off" time="0.195" /><testcase classname="backend.tests.test_iteration11.TestCashbackWeekly" name="test_cashback_endpoint_exists" time="0.157" /><testcase classname="backend.tests.test_iteration11.TestCashbackWeekly" name="test_cashback_requires_dueno" time="0.100" /><testcase classname="backend.tests.test_iteration11.TestKingRoomEvents" name="test_king_room_level1_empty_room" time="0.133" /><testcase classname="backend.tests.test_iteration11.TestKingRoomEvents" name="test_king_room_level2_empty_room" time="0.104" /><testcase classname="backend.tests.test_iteration11.TestKingRoomEvents" name="test_king_room_level3_empty_room" time="0.144" /><testcase classname="backend.tests.test_iteration11.TestKingRoomEvents" name="test_king_room_requires_dueno" time="0.111" /><testcase classname="backend.tests.test_iteration11.TestKingRoomEvents" name="test_king_room_invalid_room" time="0.115" /><testcase classname="backend.tests.test_iteration11.TestKingRoomEvents" name="test_king_room_with_users" time="0.132" /><testcase classname="backend.tests.test_iteration11.TestCPRoomEvents" name="test_cp_room_level6_empty_room" time="0.107" /><testcase classname="backend.tests.test_iteration11.TestCPRoomEvents" name="test_cp_room_level7_empty_room" time="0.114" /><testcase classname="backend.tests.test_iteration11.TestCPRoomEvents" name="test_cp_room_requires_dueno" time="0.099" /><testcase classname="backend.tests.test_iteration11.TestCPRoomEvents" name="test_cp_room_invalid_room" time="0.114" /><testcase classname="backend.tests.test_iteration11.TestCPRoomEvents" name="test_cp_room_with_users" time="0.111" /><testcase classname="backend.tests.test_iteration11.TestLevelRankings" name="test_level_rankings_endpoint" time="0.105" /><testcase classname="backend.tests.test_iteration11.TestLevelRankings" name="test_level_rankings_filters_ghost_mode" time="0.467" /></testsuite></testsuites>