<?xml version="1.0" encoding="utf-8"?><testsuites name="pytest tests"><testsuite name="pytest" errors="0" failures="0" skipped="0" tests="13" time="1.688" timestamp="2026-04-14T12:19:17.153086+00:00" hostname="agent-env-c6dcab03-6557-4851-96e5-ab72539ecdb8"><testcase classname="backend.tests.test_iteration14_games_panel.TestGamesPlayEndpoint" name="test_ludo_game" time="0.233" /><testcase classname="backend.tests.test_iteration14_games_panel.TestGamesPlayEndpoint" name="test_yacaro_game" time="0.109" /><testcase classname="backend.tests.test_iteration14_games_panel.TestGamesPlayEndpoint" name="test_domino_game" time="0.108" /><testcase classname="backend.tests.test_iteration14_games_panel.TestGamesPlayEndpoint" name="test_pool_game" time="0.102" /><testcase classname="backend.tests.test_iteration14_games_panel.TestGamesPlayEndpoint" name="test_monster_game" time="0.105" /><testcase classname="backend.tests.test_iteration14_games_panel.TestGamesPlayEndpoint" name="test_carta_game" time="0.137" /><testcase classname="backend.tests.test_iteration14_games_panel.TestGamesPlayEndpoint" name="test_rps_game" time="0.104" /><testcase classname="backend.tests.test_iteration14_games_panel.TestPKBattleEndpoints" name="test_get_active_pk_battle" time="0.098" /><testcase classname="backend.tests.test_iteration14_games_panel.TestInsufficientCoins" name="test_insufficient_coins_error" time="0.128" /><testcase classname="backend.tests.test_iteration14_games_panel.TestInvalidGame" name="test_invalid_game_type" time="0.096" /><testcase classname="backend.tests.test_iteration14_games_panel.TestClassicGames" name="test_slots_game" time="0.133" /><testcase classname="backend.tests.test_iteration14_games_panel.TestClassicGames" name="test_ruleta_game" time="0.103" /><testcase classname="backend.tests.test_iteration14_games_panel.TestClassicGames" name="test_dados_game" time="0.143" /></testsuite></testsuites>