<?xml version="1.0" encoding="utf-8"?><testsuites name="pytest tests"><testsuite name="pytest" errors="0" failures="0" skipped="0" tests="15" time="4.469" timestamp="2026-04-16T02:47:15.151527+00:00" hostname="agent-env-c6dcab03-6557-4851-96e5-ab72539ecdb8"><testcase classname="tests.test_iteration16_badges.TestBadgeSystem" name="test_badge_catalog_returns_29_badges" time="0.155" /><testcase classname="tests.test_iteration16_badges.TestBadgeSystem" name="test_badge_categories" time="0.111" /><testcase classname="tests.test_iteration16_badges.TestBadgeSystem" name="test_user_badges_endpoint" time="0.151" /><testcase classname="tests.test_iteration16_badges.TestBadgeSystem" name="test_badge_check_endpoint" time="0.122" /><testcase classname="tests.test_iteration16_badges.TestGiftSend" name="test_login_melvin" time="0.346" /><testcase classname="tests.test_iteration16_badges.TestGiftSend" name="test_send_rosa_gift" time="0.493" /><testcase classname="tests.test_iteration16_badges.TestGiftSend" name="test_send_dragon_gift" time="0.488" /><testcase classname="tests.test_iteration16_badges.TestGiftSend" name="test_insufficient_coins_error" time="0.116" /><testcase classname="tests.test_iteration16_badges.TestLionTigerGame" name="test_lion_tiger_bet" time="0.452" /><testcase classname="tests.test_iteration16_badges.TestLionTigerGame" name="test_lion_tiger_win" time="0.465" /><testcase classname="tests.test_iteration16_badges.TestLionTigerGame" name="test_lion_tiger_increments_games_won" time="0.772" /><testcase classname="tests.test_iteration16_badges.TestFormatCoins" name="test_gifts_endpoint_returns_costs" time="0.122" /><testcase classname="tests.test_iteration16_badges.TestFormatCoins" name="test_user_coins_in_response" time="0.347" /><testcase classname="tests.test_iteration16_badges.TestRoomWelcome" name="test_room_welcome_dueno" time="0.117" /><testcase classname="tests.test_iteration16_badges.TestGiftsAllPanel" name="test_room_seats_for_gift_panel" time="0.120" /></testsuite></testsuites>