<?xml version="1.0" encoding="utf-8"?><testsuites name="pytest tests"><testsuite name="pytest" errors="0" failures="0" skipped="0" tests="6" time="1.351" timestamp="2026-04-18T16:57:45.996532+00:00" hostname="agent-env-c6dcab03-6557-4851-96e5-ab72539ecdb8"><testcase classname="backend.tests.test_daily_rankings.TestAuth" name="test_login_melvin" time="0.444" /><testcase classname="backend.tests.test_daily_rankings.TestDailyRanking" name="test_daily_games_structure" time="0.059" /><testcase classname="backend.tests.test_daily_rankings.TestDailyRanking" name="test_daily_games_leaderboard_fields" time="0.049" /><testcase classname="backend.tests.test_daily_rankings.TestDailyRanking" name="test_daily_games_limit" time="0.054" /><testcase classname="backend.tests.test_daily_rankings.TestDailyRanking" name="test_daily_yesterday" time="0.053" /><testcase classname="backend.tests.test_daily_rankings.TestGamePlayHook" name="test_play_cofre_updates_daily_stats" time="0.617" /></testsuite></testsuites>