<?xml version="1.0" encoding="utf-8"?><testsuites name="pytest tests"><testsuite name="pytest" errors="0" failures="0" skipped="0" tests="17" time="9.058" timestamp="2026-04-14T11:48:19.562378+00:00" hostname="agent-env-c6dcab03-6557-4851-96e5-ab72539ecdb8"><testcase classname="backend.tests.test_iteration12_events.TestEventRequestSystem" name="test_01_admin_login" time="0.349" /><testcase classname="backend.tests.test_iteration12_events.TestEventRequestSystem" name="test_02_create_test_user_for_event_request" time="0.406" /><testcase classname="backend.tests.test_iteration12_events.TestEventRequestSystem" name="test_03_request_king_event" time="0.472" /><testcase classname="backend.tests.test_iteration12_events.TestEventRequestSystem" name="test_04_monthly_limit_enforcement" time="0.516" /><testcase classname="backend.tests.test_iteration12_events.TestEventRequestSystem" name="test_05_get_pending_requests_as_admin" time="0.110" /><testcase classname="backend.tests.test_iteration12_events.TestEventRequestSystem" name="test_06_non_admin_cannot_get_requests" time="0.467" /><testcase classname="backend.tests.test_iteration12_events.TestEventRequestSystem" name="test_07_approve_event_request" time="0.569" /><testcase classname="backend.tests.test_iteration12_events.TestEventRequestSystem" name="test_08_reject_event_request" time="0.591" /><testcase classname="backend.tests.test_iteration12_events.TestEventRequestSystem" name="test_09_non_admin_cannot_approve" time="0.791" /><testcase classname="backend.tests.test_iteration12_events.TestEventRequestSystem" name="test_10_non_admin_cannot_reject" time="0.817" /><testcase classname="backend.tests.test_iteration12_events.TestEventRequestSystem" name="test_11_my_events_returns_goal_reward_progress" time="0.580" /><testcase classname="backend.tests.test_iteration12_events.TestEventRequestSystem" name="test_12_game_play_tracks_progress" time="0.741" /><testcase classname="backend.tests.test_iteration12_events.TestEventRequestSystem" name="test_13_king_levels_correct_values" time="0.565" /><testcase classname="backend.tests.test_iteration12_events.TestEventRequestSystem" name="test_14_king1_levels_correct_values" time="0.542" /><testcase classname="backend.tests.test_iteration12_events.TestEventRequestSystem" name="test_15_king3_levels_correct_values" time="0.570" /><testcase classname="backend.tests.test_iteration12_events.TestEventRequestSystem" name="test_16_cp_event_requires_partner" time="0.456" /><testcase classname="backend.tests.test_iteration12_events.TestEventRequestSystem" name="test_17_invalid_event_type_rejected" time="0.447" /></testsuite></testsuites>